notice: 16-02-06 23:44:01 [/var/www/html/Mnemosyne/system/database/DB_driver.php:382] args["database","DB Transaction Failure"] logId[145477344169] uri[/welcome/testDebugBacktrace] DB Transaction Failure
notice: 16-02-06 23:44:01 [/var/www/html/Mnemosyne/system/database/DB_driver.php:705] args["database","sql[SELECT COUNT(*) AS `numrows`\nFROM `user`\nWHERE `user_mobile` = '13940022196'\nOR `user_email` = '506200331@qq.com'] cost[0]"] logId[145477344169] uri[/welcome/testDebugBacktrace] sql[SELECT COUNT(*) AS `numrows`
FROM `user`
WHERE `user_mobile` = '13940022196'
OR `user_email` = '506200331@qq.com'] cost[0]
notice: 16-02-06 23:44:01 [/var/www/html/Mnemosyne/system/database/DB_driver.php:705] args["database","sql[SELECT COUNT(*) AS `numrows`\nFROM `user`\nWHERE `user_mobile` = '13940022196'\nOR `user_email` = '506200331@qq.com'] cost[0]"] logId[145477344169] uri[/welcome/testDebugBacktrace] sql[SELECT COUNT(*) AS `numrows`
FROM `user`
WHERE `user_mobile` = '13940022196'
OR `user_email` = '506200331@qq.com'] cost[0]
notice: 16-02-06 23:45:23 [/var/www/html/Mnemosyne/system/database/DB_driver.php:382] args["database","DB Transaction Failure"] logId[145477352370] uri[/welcome/testDebugBacktrace] DB Transaction Failure
notice: 16-02-06 23:45:23 [/var/www/html/Mnemosyne/system/database/DB_driver.php:705] args["database","sql[SELECT COUNT(*) AS `numrows`\nFROM `user`\nWHERE `user_mobile` = '13940022196'\nOR `user_email` = '506200331@qq.com'] cost[0]"] logId[145477352370] uri[/welcome/testDebugBacktrace] sql[SELECT COUNT(*) AS `numrows`
FROM `user`
WHERE `user_mobile` = '13940022196'
OR `user_email` = '506200331@qq.com'] cost[0]
notice: 16-02-06 23:45:23 [/var/www/html/Mnemosyne/system/database/DB_driver.php:705] args["database","sql[SELECT COUNT(*) AS `numrows`\nFROM `user`\nWHERE `user_mobile` = '13940022196'\nOR `user_email` = '506200331@qq.com'] cost[0]"] logId[145477352370] uri[/welcome/testDebugBacktrace] sql[SELECT COUNT(*) AS `numrows`
FROM `user`
WHERE `user_mobile` = '13940022196'
OR `user_email` = '506200331@qq.com'] cost[0]
notice: 16-02-06 23:47:07 [/var/www/html/Mnemosyne/system/database/DB_driver.php:382] args["database","DB Transaction Failure"] logId[145477362771] uri[/welcome/testDebugBacktrace] DB Transaction Failure
notice: 16-02-06 23:47:07 [/var/www/html/Mnemosyne/system/database/DB_driver.php:705] args["database","sql[SELECT COUNT(*) AS `numrows`\nFROM `user`\nWHERE `user_mobile` = '13940022196'\nOR `user_email` = '506200331@qq.com'] cost[0]"] logId[145477362771] uri[/welcome/testDebugBacktrace] sql[SELECT COUNT(*) AS `numrows`
FROM `user`
WHERE `user_mobile` = '13940022196'
OR `user_email` = '506200331@qq.com'] cost[0]
notice: 16-02-06 23:47:07 [/var/www/html/Mnemosyne/system/database/DB_driver.php:705] args["database","sql[SELECT COUNT(*) AS `numrows`\nFROM `user`\nWHERE `user_mobile` = '13940022196'\nOR `user_email` = '506200331@qq.com'] cost[0]"] logId[145477362771] uri[/welcome/testDebugBacktrace] sql[SELECT COUNT(*) AS `numrows`
FROM `user`
WHERE `user_mobile` = '13940022196'
OR `user_email` = '506200331@qq.com'] cost[0]
notice: 16-02-06 23:47:26 [/var/www/html/Mnemosyne/system/database/DB_driver.php:382] args["database","DB Transaction Failure"] logId[145477364672] uri[/welcome/testDebugBacktrace] DB Transaction Failure
notice: 16-02-06 23:47:26 [/var/www/html/Mnemosyne/system/database/DB_driver.php:705] args["database","sql[\"SELECT COUNT(*) AS `numrows`\\nFROM `user`\\nWHERE `user_mobile` = '13940022196'\\nOR `user_email` = '506200331@qq.com'\"] cost[0]"] logId[145477364672] uri[/welcome/testDebugBacktrace] sql["SELECT COUNT(*) AS `numrows`\nFROM `user`\nWHERE `user_mobile` = '13940022196'\nOR `user_email` = '506200331@qq.com'"] cost[0]
notice: 16-02-06 23:47:26 [/var/www/html/Mnemosyne/system/database/DB_driver.php:705] args["database","sql[\"SELECT COUNT(*) AS `numrows`\\nFROM `user`\\nWHERE `user_mobile` = '13940022196'\\nOR `user_email` = '506200331@qq.com'\"] cost[0]"] logId[145477364672] uri[/welcome/testDebugBacktrace] sql["SELECT COUNT(*) AS `numrows`\nFROM `user`\nWHERE `user_mobile` = '13940022196'\nOR `user_email` = '506200331@qq.com'"] cost[0]
notice: 16-02-06 23:47:33 [/var/www/html/Mnemosyne/system/database/DB_driver.php:382] args["database","DB Transaction Failure"] logId[145477365373] uri[/welcome/testDebugBacktrace] DB Transaction Failure
notice: 16-02-06 23:47:33 [/var/www/html/Mnemosyne/system/database/DB_driver.php:705] args["database","sql[\"SELECT COUNT(*) AS `numrows`\\nFROM `user`\\nWHERE `user_mobile` = '13940022196'\\nOR `user_email` = '506200331@qq.com'\"] cost[0]"] logId[145477365373] uri[/welcome/testDebugBacktrace] sql["SELECT COUNT(*) AS `numrows`\nFROM `user`\nWHERE `user_mobile` = '13940022196'\nOR `user_email` = '506200331@qq.com'"] cost[0]
notice: 16-02-06 23:47:33 [/var/www/html/Mnemosyne/system/database/DB_driver.php:705] args["database","sql[\"SELECT COUNT(*) AS `numrows`\\nFROM `user`\\nWHERE `user_mobile` = '13940022196'\\nOR `user_email` = '506200331@qq.com'\"] cost[0]"] logId[145477365373] uri[/welcome/testDebugBacktrace] sql["SELECT COUNT(*) AS `numrows`\nFROM `user`\nWHERE `user_mobile` = '13940022196'\nOR `user_email` = '506200331@qq.com'"] cost[0]
notice: 16-02-06 23:49:33 [/var/www/html/Mnemosyne/system/database/DB_driver.php:705] args["database","sql[\"SELECT COUNT(*) AS `numrows`\\nFROM `user`\\nWHERE `user_mobile` = '13940022196'\\nOR `user_email` = '506200331@qq.com'\"] cost[0]"] logId[145477377374] uri[/welcome/testDebugBacktrace] sql["SELECT COUNT(*) AS `numrows`\nFROM `user`\nWHERE `user_mobile` = '13940022196'\nOR `user_email` = '506200331@qq.com'"] cost[0]
notice: 16-02-06 23:49:33 [/var/www/html/Mnemosyne/system/database/DB_driver.php:705] args["database","sql[\"SELECT COUNT(*) AS `numrows`\\nFROM `user`\\nWHERE `user_mobile` = '13940022196'\\nOR `user_email` = '506200331@qq.com'\"] cost[0]"] logId[145477377374] uri[/welcome/testDebugBacktrace] sql["SELECT COUNT(*) AS `numrows`\nFROM `user`\nWHERE `user_mobile` = '13940022196'\nOR `user_email` = '506200331@qq.com'"] cost[0]
notice: 16-02-06 23:49:49 [/var/www/html/Mnemosyne/system/database/DB_driver.php:382] args["database","Database Driver Class Initialized"] logId[145477378975] uri[/welcome/testDebugBacktrace] Database Driver Class Initialized
notice: 16-02-06 23:49:49 [/var/www/html/Mnemosyne/system/database/DB_driver.php:705] args["database","sql[\"SELECT COUNT(*) AS `numrows`\\nFROM `user`\\nWHERE `user_mobile` = '13940022196'\\nOR `user_email` = '506200331@qq.com'\"] cost[0]"] logId[145477378975] uri[/welcome/testDebugBacktrace] sql["SELECT COUNT(*) AS `numrows`\nFROM `user`\nWHERE `user_mobile` = '13940022196'\nOR `user_email` = '506200331@qq.com'"] cost[0]
notice: 16-02-06 23:49:49 [/var/www/html/Mnemosyne/system/database/DB_driver.php:705] args["database","sql[\"SELECT COUNT(*) AS `numrows`\\nFROM `user`\\nWHERE `user_mobile` = '13940022196'\\nOR `user_email` = '506200331@qq.com'\"] cost[0]"] logId[145477378975] uri[/welcome/testDebugBacktrace] sql["SELECT COUNT(*) AS `numrows`\nFROM `user`\nWHERE `user_mobile` = '13940022196'\nOR `user_email` = '506200331@qq.com'"] cost[0]
notice: 16-02-06 23:52:08 [/var/www/html/Mnemosyne/system/database/DB_driver.php:382] args["database","Database Driver Class Initialized"] logId[145477392876] uri[/welcome/testDebugBacktrace] Database Driver Class Initialized
notice: 16-02-06 23:52:08 [/var/www/html/Mnemosyne/system/database/DB_driver.php:705] args["database","sql[\"SELECT COUNT(*) AS `numrows`\\nFROM `user`\\nWHERE `user_mobile` = '13940022196'\\nOR `user_email` = '506200331@qq.com'\"] cost[0]"] logId[145477392876] uri[/welcome/testDebugBacktrace] sql["SELECT COUNT(*) AS `numrows`\nFROM `user`\nWHERE `user_mobile` = '13940022196'\nOR `user_email` = '506200331@qq.com'"] cost[0]
notice: 16-02-06 23:52:08 [/var/www/html/Mnemosyne/system/database/DB_driver.php:705] args["database","sql[\"SELECT COUNT(*) AS `numrows`\\nFROM `user`\\nWHERE `user_mobile` = '13940022196'\\nOR `user_email` = '506200331@qq.com'\"] cost[0]"] logId[145477392876] uri[/welcome/testDebugBacktrace] sql["SELECT COUNT(*) AS `numrows`\nFROM `user`\nWHERE `user_mobile` = '13940022196'\nOR `user_email` = '506200331@qq.com'"] cost[0]
notice: 16-02-06 23:52:12 [/var/www/html/Mnemosyne/system/database/DB_driver.php:382] args["database","Database Driver Class Initialized"] logId[145477393277] uri[/welcome/testDebugBacktrace] Database Driver Class Initialized
notice: 16-02-06 23:52:12 [/var/www/html/Mnemosyne/system/database/DB_driver.php:705] args["database","sql[\"SELECT COUNT(*) AS `numrows`\\nFROM `user`\\nWHERE `user_mobile` = '13940022196'\\nOR `user_email` = '506200331@qq.com'\"] cost[0]"] logId[145477393277] uri[/welcome/testDebugBacktrace] sql["SELECT COUNT(*) AS `numrows`\nFROM `user`\nWHERE `user_mobile` = '13940022196'\nOR `user_email` = '506200331@qq.com'"] cost[0]
notice: 16-02-06 23:52:12 [/var/www/html/Mnemosyne/system/database/DB_driver.php:705] args["database","sql[\"SELECT COUNT(*) AS `numrows`\\nFROM `user`\\nWHERE `user_mobile` = '13940022196'\\nOR `user_email` = '506200331@qq.com'\"] cost[0]"] logId[145477393277] uri[/welcome/testDebugBacktrace] sql["SELECT COUNT(*) AS `numrows`\nFROM `user`\nWHERE `user_mobile` = '13940022196'\nOR `user_email` = '506200331@qq.com'"] cost[0]
notice: 16-02-06 23:53:16 [/var/www/html/Mnemosyne/system/database/DB_driver.php:382] args["database","Database Driver Class Initialized"] logId[145477399678] uri[/welcome/testDebugBacktrace] Database Driver Class Initialized
notice: 16-02-06 23:53:16 [/var/www/html/Mnemosyne/system/database/DB_driver.php:705] args["database","sql[\"SELECT COUNT(*) AS `numrows`\\nFROM `user`\\nWHERE `user_mobile` = '13940022196'\\nOR `user_email` = '506200331@qq.com'\"] cost[0]"] logId[145477399678] uri[/welcome/testDebugBacktrace] sql["SELECT COUNT(*) AS `numrows`\nFROM `user`\nWHERE `user_mobile` = '13940022196'\nOR `user_email` = '506200331@qq.com'"] cost[0]
notice: 16-02-06 23:53:16 [/var/www/html/Mnemosyne/system/database/DB_driver.php:705] args["database","sql[\"SELECT COUNT(*) AS `numrows`\\nFROM `user`\\nWHERE `user_mobile` = '13940022196'\\nOR `user_email` = '506200331@qq.com'\"] cost[0]"] logId[145477399678] uri[/welcome/testDebugBacktrace] sql["SELECT COUNT(*) AS `numrows`\nFROM `user`\nWHERE `user_mobile` = '13940022196'\nOR `user_email` = '506200331@qq.com'"] cost[0]
notice: 16-02-06 23:53:16 [/var/www/html/Mnemosyne/system/database/DB_driver.php:382] args["database","Database Driver Class Initialized"] logId[145477399679] uri[/welcome/testDebugBacktrace] Database Driver Class Initialized
notice: 16-02-06 23:53:16 [/var/www/html/Mnemosyne/system/database/DB_driver.php:705] args["database","sql[\"SELECT COUNT(*) AS `numrows`\\nFROM `user`\\nWHERE `user_mobile` = '13940022196'\\nOR `user_email` = '506200331@qq.com'\"] cost[0]"] logId[145477399679] uri[/welcome/testDebugBacktrace] sql["SELECT COUNT(*) AS `numrows`\nFROM `user`\nWHERE `user_mobile` = '13940022196'\nOR `user_email` = '506200331@qq.com'"] cost[0]
notice: 16-02-06 23:53:16 [/var/www/html/Mnemosyne/system/database/DB_driver.php:705] args["database","sql[\"SELECT COUNT(*) AS `numrows`\\nFROM `user`\\nWHERE `user_mobile` = '13940022196'\\nOR `user_email` = '506200331@qq.com'\"] cost[0]"] logId[145477399679] uri[/welcome/testDebugBacktrace] sql["SELECT COUNT(*) AS `numrows`\nFROM `user`\nWHERE `user_mobile` = '13940022196'\nOR `user_email` = '506200331@qq.com'"] cost[0]
notice: 16-02-06 23:53:17 [/var/www/html/Mnemosyne/system/database/DB_driver.php:382] args["database","Database Driver Class Initialized"] logId[145477399780] uri[/welcome/testDebugBacktrace] Database Driver Class Initialized
notice: 16-02-06 23:53:17 [/var/www/html/Mnemosyne/system/database/DB_driver.php:705] args["database","sql[\"SELECT COUNT(*) AS `numrows`\\nFROM `user`\\nWHERE `user_mobile` = '13940022196'\\nOR `user_email` = '506200331@qq.com'\"] cost[0]"] logId[145477399780] uri[/welcome/testDebugBacktrace] sql["SELECT COUNT(*) AS `numrows`\nFROM `user`\nWHERE `user_mobile` = '13940022196'\nOR `user_email` = '506200331@qq.com'"] cost[0]
notice: 16-02-06 23:53:17 [/var/www/html/Mnemosyne/system/database/DB_driver.php:705] args["database","sql[\"SELECT COUNT(*) AS `numrows`\\nFROM `user`\\nWHERE `user_mobile` = '13940022196'\\nOR `user_email` = '506200331@qq.com'\"] cost[0]"] logId[145477399780] uri[/welcome/testDebugBacktrace] sql["SELECT COUNT(*) AS `numrows`\nFROM `user`\nWHERE `user_mobile` = '13940022196'\nOR `user_email` = '506200331@qq.com'"] cost[0]
notice: 16-02-06 23:53:17 [/var/www/html/Mnemosyne/system/database/DB_driver.php:382] args["database","Database Driver Class Initialized"] logId[145477399781] uri[/welcome/testDebugBacktrace] Database Driver Class Initialized
notice: 16-02-06 23:53:17 [/var/www/html/Mnemosyne/system/database/DB_driver.php:705] args["database","sql[\"SELECT COUNT(*) AS `numrows`\\nFROM `user`\\nWHERE `user_mobile` = '13940022196'\\nOR `user_email` = '506200331@qq.com'\"] cost[0]"] logId[145477399781] uri[/welcome/testDebugBacktrace] sql["SELECT COUNT(*) AS `numrows`\nFROM `user`\nWHERE `user_mobile` = '13940022196'\nOR `user_email` = '506200331@qq.com'"] cost[0]
notice: 16-02-06 23:53:17 [/var/www/html/Mnemosyne/system/database/DB_driver.php:705] args["database","sql[\"SELECT COUNT(*) AS `numrows`\\nFROM `user`\\nWHERE `user_mobile` = '13940022196'\\nOR `user_email` = '506200331@qq.com'\"] cost[0]"] logId[145477399781] uri[/welcome/testDebugBacktrace] sql["SELECT COUNT(*) AS `numrows`\nFROM `user`\nWHERE `user_mobile` = '13940022196'\nOR `user_email` = '506200331@qq.com'"] cost[0]
notice: 16-02-06 23:53:17 [/var/www/html/Mnemosyne/system/database/DB_driver.php:382] args["database","Database Driver Class Initialized"] logId[145477399782] uri[/welcome/testDebugBacktrace] Database Driver Class Initialized
notice: 16-02-06 23:53:17 [/var/www/html/Mnemosyne/system/database/DB_driver.php:705] args["database","sql[\"SELECT COUNT(*) AS `numrows`\\nFROM `user`\\nWHERE `user_mobile` = '13940022196'\\nOR `user_email` = '506200331@qq.com'\"] cost[0]"] logId[145477399782] uri[/welcome/testDebugBacktrace] sql["SELECT COUNT(*) AS `numrows`\nFROM `user`\nWHERE `user_mobile` = '13940022196'\nOR `user_email` = '506200331@qq.com'"] cost[0]
notice: 16-02-06 23:53:17 [/var/www/html/Mnemosyne/system/database/DB_driver.php:705] args["database","sql[\"SELECT COUNT(*) AS `numrows`\\nFROM `user`\\nWHERE `user_mobile` = '13940022196'\\nOR `user_email` = '506200331@qq.com'\"] cost[0]"] logId[145477399782] uri[/welcome/testDebugBacktrace] sql["SELECT COUNT(*) AS `numrows`\nFROM `user`\nWHERE `user_mobile` = '13940022196'\nOR `user_email` = '506200331@qq.com'"] cost[0]
notice: 16-02-06 23:53:17 [/var/www/html/Mnemosyne/system/database/DB_driver.php:382] args["database","Database Driver Class Initialized"] logId[145477399783] uri[/welcome/testDebugBacktrace] Database Driver Class Initialized
notice: 16-02-06 23:53:17 [/var/www/html/Mnemosyne/system/database/DB_driver.php:705] args["database","sql[\"SELECT COUNT(*) AS `numrows`\\nFROM `user`\\nWHERE `user_mobile` = '13940022196'\\nOR `user_email` = '506200331@qq.com'\"] cost[0]"] logId[145477399783] uri[/welcome/testDebugBacktrace] sql["SELECT COUNT(*) AS `numrows`\nFROM `user`\nWHERE `user_mobile` = '13940022196'\nOR `user_email` = '506200331@qq.com'"] cost[0]
notice: 16-02-06 23:53:17 [/var/www/html/Mnemosyne/system/database/DB_driver.php:705] args["database","sql[\"SELECT COUNT(*) AS `numrows`\\nFROM `user`\\nWHERE `user_mobile` = '13940022196'\\nOR `user_email` = '506200331@qq.com'\"] cost[0]"] logId[145477399783] uri[/welcome/testDebugBacktrace] sql["SELECT COUNT(*) AS `numrows`\nFROM `user`\nWHERE `user_mobile` = '13940022196'\nOR `user_email` = '506200331@qq.com'"] cost[0]
notice: 16-02-06 23:53:18 [/var/www/html/Mnemosyne/system/database/DB_driver.php:382] args["database","Database Driver Class Initialized"] logId[145477399884] uri[/welcome/testDebugBacktrace] Database Driver Class Initialized
notice: 16-02-06 23:53:18 [/var/www/html/Mnemosyne/system/database/DB_driver.php:705] args["database","sql[\"SELECT COUNT(*) AS `numrows`\\nFROM `user`\\nWHERE `user_mobile` = '13940022196'\\nOR `user_email` = '506200331@qq.com'\"] cost[0]"] logId[145477399884] uri[/welcome/testDebugBacktrace] sql["SELECT COUNT(*) AS `numrows`\nFROM `user`\nWHERE `user_mobile` = '13940022196'\nOR `user_email` = '506200331@qq.com'"] cost[0]
notice: 16-02-06 23:53:18 [/var/www/html/Mnemosyne/system/database/DB_driver.php:705] args["database","sql[\"SELECT COUNT(*) AS `numrows`\\nFROM `user`\\nWHERE `user_mobile` = '13940022196'\\nOR `user_email` = '506200331@qq.com'\"] cost[0]"] logId[145477399884] uri[/welcome/testDebugBacktrace] sql["SELECT COUNT(*) AS `numrows`\nFROM `user`\nWHERE `user_mobile` = '13940022196'\nOR `user_email` = '506200331@qq.com'"] cost[0]
notice: 16-02-06 23:54:24 [/var/www/html/Mnemosyne/system/database/DB_driver.php:382] args["database","Database Driver Class Initialized"] logId[145477406485] uri[/welcome/testDebugBacktrace] Database Driver Class Initialized
notice: 16-02-06 23:54:24 [/var/www/html/Mnemosyne/system/database/DB_driver.php:705] args["database","sql[\"SELECT COUNT(*) AS `numrows`\\nFROM `user`\\nWHERE `user_mobile` = '13940022196'\\nOR `user_email` = '506200331@qq.com'\"] cost[0]"] logId[145477406485] uri[/welcome/testDebugBacktrace] sql["SELECT COUNT(*) AS `numrows`\nFROM `user`\nWHERE `user_mobile` = '13940022196'\nOR `user_email` = '506200331@qq.com'"] cost[0]
notice: 16-02-06 23:54:24 [/var/www/html/Mnemosyne/system/database/DB_driver.php:705] args["database","sql[\"SELECT COUNT(*) AS `numrows`\\nFROM `user`\\nWHERE `user_mobile` = '13940022196'\\nOR `user_email` = '506200331@qq.com'\"] cost[0]"] logId[145477406485] uri[/welcome/testDebugBacktrace] sql["SELECT COUNT(*) AS `numrows`\nFROM `user`\nWHERE `user_mobile` = '13940022196'\nOR `user_email` = '506200331@qq.com'"] cost[0]
notice: 16-02-06 23:54:50 [/var/www/html/Mnemosyne/system/database/DB_driver.php:382] args["database","Database Driver Class Initialized"] logId[145477409086] uri[/welcome/testDebugBacktrace] Database Driver Class Initialized
notice: 16-02-06 23:54:50 [/var/www/html/Mnemosyne/system/database/DB_driver.php:705] args["database","sql[\"SELECT COUNT(*) AS `numrows`\\nFROM `user`\\nWHERE `user_mobile` = '13940022196'\\nOR `user_email` = '506200331@qq.com'\"] cost[0.22482872009277]"] logId[145477409086] uri[/welcome/testDebugBacktrace] sql["SELECT COUNT(*) AS `numrows`\nFROM `user`\nWHERE `user_mobile` = '13940022196'\nOR `user_email` = '506200331@qq.com'"] cost[0.22482872009277]
notice: 16-02-06 23:54:50 [/var/www/html/Mnemosyne/system/database/DB_driver.php:705] args["database","sql[\"SELECT COUNT(*) AS `numrows`\\nFROM `user`\\nWHERE `user_mobile` = '13940022196'\\nOR `user_email` = '506200331@qq.com'\"] cost[0.1060962677002]"] logId[145477409086] uri[/welcome/testDebugBacktrace] sql["SELECT COUNT(*) AS `numrows`\nFROM `user`\nWHERE `user_mobile` = '13940022196'\nOR `user_email` = '506200331@qq.com'"] cost[0.1060962677002]
notice: 16-02-06 23:54:51 [/var/www/html/Mnemosyne/system/database/DB_driver.php:382] args["database","Database Driver Class Initialized"] logId[145477409187] uri[/welcome/testDebugBacktrace] Database Driver Class Initialized
notice: 16-02-06 23:54:51 [/var/www/html/Mnemosyne/system/database/DB_driver.php:705] args["database","sql[\"SELECT COUNT(*) AS `numrows`\\nFROM `user`\\nWHERE `user_mobile` = '13940022196'\\nOR `user_email` = '506200331@qq.com'\"] cost[0.17094612121582]"] logId[145477409187] uri[/welcome/testDebugBacktrace] sql["SELECT COUNT(*) AS `numrows`\nFROM `user`\nWHERE `user_mobile` = '13940022196'\nOR `user_email` = '506200331@qq.com'"] cost[0.17094612121582]
notice: 16-02-06 23:54:51 [/var/www/html/Mnemosyne/system/database/DB_driver.php:705] args["database","sql[\"SELECT COUNT(*) AS `numrows`\\nFROM `user`\\nWHERE `user_mobile` = '13940022196'\\nOR `user_email` = '506200331@qq.com'\"] cost[0.12588500976562]"] logId[145477409187] uri[/welcome/testDebugBacktrace] sql["SELECT COUNT(*) AS `numrows`\nFROM `user`\nWHERE `user_mobile` = '13940022196'\nOR `user_email` = '506200331@qq.com'"] cost[0.12588500976562]
notice: 16-02-06 23:54:55 [/var/www/html/Mnemosyne/system/database/DB_driver.php:382] args["database","Database Driver Class Initialized"] logId[145477409588] uri[/welcome/testDebugBacktrace] Database Driver Class Initialized
notice: 16-02-06 23:54:55 [/var/www/html/Mnemosyne/system/database/DB_driver.php:705] args["database","sql[\"SELECT COUNT(*) AS `numrows`\\nFROM `user`\\nWHERE `user_mobile` = '13940022196'\\nOR `user_email` = '506200331@qq.com'\"] cost[0.082015991210938]"] logId[145477409588] uri[/welcome/testDebugBacktrace] sql["SELECT COUNT(*) AS `numrows`\nFROM `user`\nWHERE `user_mobile` = '13940022196'\nOR `user_email` = '506200331@qq.com'"] cost[0.082015991210938]
notice: 16-02-06 23:54:55 [/var/www/html/Mnemosyne/system/database/DB_driver.php:705] args["database","sql[\"SELECT COUNT(*) AS `numrows`\\nFROM `user`\\nWHERE `user_mobile` = '13940022196'\\nOR `user_email` = '506200331@qq.com'\"] cost[0.043869018554688]"] logId[145477409588] uri[/welcome/testDebugBacktrace] sql["SELECT COUNT(*) AS `numrows`\nFROM `user`\nWHERE `user_mobile` = '13940022196'\nOR `user_email` = '506200331@qq.com'"] cost[0.043869018554688]
notice: 16-02-06 23:55:22 [/var/www/html/Mnemosyne/system/database/DB_driver.php:382] args["database","Database Driver Class Initialized"] logId[145477412289] uri[/welcome/testDebugBacktrace] Database Driver Class Initialized
notice: 16-02-06 23:55:22 [/var/www/html/Mnemosyne/system/database/DB_driver.php:705] args["database","sql[\"SELECT COUNT(*) AS `numrows`\\nFROM `user`\\nWHERE `user_mobile` = '13940022196'\\nOR `user_email` = '506200331@qq.com'\"] cost[0.090122222900391ms]"] logId[145477412289] uri[/welcome/testDebugBacktrace] sql["SELECT COUNT(*) AS `numrows`\nFROM `user`\nWHERE `user_mobile` = '13940022196'\nOR `user_email` = '506200331@qq.com'"] cost[0.090122222900391ms]
notice: 16-02-06 23:55:22 [/var/www/html/Mnemosyne/system/database/DB_driver.php:705] args["database","sql[\"SELECT COUNT(*) AS `numrows`\\nFROM `user`\\nWHERE `user_mobile` = '13940022196'\\nOR `user_email` = '506200331@qq.com'\"] cost[0.063180923461914ms]"] logId[145477412289] uri[/welcome/testDebugBacktrace] sql["SELECT COUNT(*) AS `numrows`\nFROM `user`\nWHERE `user_mobile` = '13940022196'\nOR `user_email` = '506200331@qq.com'"] cost[0.063180923461914ms]
notice: 16-02-06 23:55:27 [/var/www/html/Mnemosyne/system/database/DB_driver.php:382] args["database","Database Driver Class Initialized"] logId[145477412790] uri[/welcome/testDebugBacktrace] Database Driver Class Initialized
notice: 16-02-06 23:55:27 [/var/www/html/Mnemosyne/system/database/DB_driver.php:705] args["database","sql[\"SELECT COUNT(*) AS `numrows`\\nFROM `user`\\nWHERE `user_mobile` = '13940022196'\\nOR `user_email` = '506200331@qq.com'\"] cost[0.05793571472168ms]"] logId[145477412790] uri[/welcome/testDebugBacktrace] sql["SELECT COUNT(*) AS `numrows`\nFROM `user`\nWHERE `user_mobile` = '13940022196'\nOR `user_email` = '506200331@qq.com'"] cost[0.05793571472168ms]
notice: 16-02-06 23:55:27 [/var/www/html/Mnemosyne/system/database/DB_driver.php:705] args["database","sql[\"SELECT COUNT(*) AS `numrows`\\nFROM `user`\\nWHERE `user_mobile` = '13940022196'\\nOR `user_email` = '506200331@qq.com'\"] cost[0.040769577026367ms]"] logId[145477412790] uri[/welcome/testDebugBacktrace] sql["SELECT COUNT(*) AS `numrows`\nFROM `user`\nWHERE `user_mobile` = '13940022196'\nOR `user_email` = '506200331@qq.com'"] cost[0.040769577026367ms]
